Flow report for PVP
Sun Aug 08 16:38:10 2021
Quartus Prime Version 18.1.0 Build 625 09/12/2018 SJ Lite Edition


---------------------
; Table of Contents ;
---------------------
  1. Legal Notice
  2. Flow Summary
  3. Flow Settings
  4. Flow Non-Default Global Settings
  5. Flow Elapsed Time
  6. Flow OS Summary
  7. Flow Log
  8. Flow Messages
  9. Flow Suppressed Messages



----------------
; Legal Notice ;
----------------
Copyright (C) 2018  Intel Corporation. All rights reserved.
Your use of Intel Corporation's design tools, logic functions 
and other software and tools, and its AMPP partner logic 
functions, and any output files from any of the foregoing 
(including device programming or simulation files), and any 
associated documentation or information are expressly subject 
to the terms and conditions of the Intel Program License 
Subscription Agreement, the Intel Quartus Prime License Agreement,
the Intel FPGA IP License Agreement, or other applicable license
agreement, including, without limitation, that your use is for
the sole purpose of programming logic devices manufactured by
Intel and sold by Intel or its authorized distributors.  Please
refer to the applicable agreement for further details.



+----------------------------------------------------------------------------------+
; Flow Summary                                                                     ;
+------------------------------------+---------------------------------------------+
; Flow Status                        ; Successful - Sun Aug 08 16:38:10 2021       ;
; Quartus Prime Version              ; 18.1.0 Build 625 09/12/2018 SJ Lite Edition ;
; Revision Name                      ; PVP                                         ;
; Top-level Entity Name              ; PVP                                         ;
; Family                             ; Cyclone IV E                                ;
; Device                             ; EP4CE6E22C8                                 ;
; Timing Models                      ; Final                                       ;
; Total logic elements               ; 2,553 / 6,272 ( 41 % )                      ;
;     Total combinational functions  ; 2,140 / 6,272 ( 34 % )                      ;
;     Dedicated logic registers      ; 1,698 / 6,272 ( 27 % )                      ;
; Total registers                    ; 1698                                        ;
; Total pins                         ; 70 / 92 ( 76 % )                            ;
; Total virtual pins                 ; 0                                           ;
; Total memory bits                  ; 177,218 / 276,480 ( 64 % )                  ;
; Embedded Multiplier 9-bit elements ; 0 / 30 ( 0 % )                              ;
; Total PLLs                         ; 1 / 2 ( 50 % )                              ;
+------------------------------------+---------------------------------------------+


+-----------------------------------------+
; Flow Settings                           ;
+-------------------+---------------------+
; Option            ; Setting             ;
+-------------------+---------------------+
; Start date & time ; 08/08/2021 16:36:22 ;
; Main task         ; Compilation         ;
; Revision Name     ; PVP                 ;
+-------------------+---------------------+


+------------------------------------------------------------------------------------------------------------------------------+
; Flow Non-Default Global Settings                                                                                             ;
+--------------------------------------+----------------------------------------+---------------+-------------+----------------+
; Assignment Name                      ; Value                                  ; Default Value ; Entity Name ; Section Id     ;
+--------------------------------------+----------------------------------------+---------------+-------------+----------------+
; COMPILER_SIGNATURE_ID                ; 113780617491.162846218204836           ; --            ; --          ; --             ;
; EDA_DESIGN_INSTANCE_NAME             ; NA                                     ; --            ; --          ; Testbench      ;
; EDA_NATIVELINK_SIMULATION_TEST_BENCH ; Testbench                              ; --            ; --          ; eda_simulation ;
; EDA_OUTPUT_DATA_FORMAT               ; Systemverilog Hdl                      ; --            ; --          ; eda_simulation ;
; EDA_SIMULATION_TOOL                  ; ModelSim-Altera (SystemVerilog)        ; <None>        ; --          ; --             ;
; EDA_TEST_BENCH_ENABLE_STATUS         ; TEST_BENCH_MODE                        ; --            ; --          ; eda_simulation ;
; EDA_TEST_BENCH_FILE                  ; ALU.v                                  ; --            ; --          ; Testbench      ;
; EDA_TEST_BENCH_FILE                  ; CHR_ROM.qip                            ; --            ; --          ; Testbench      ;
; EDA_TEST_BENCH_FILE                  ; CHR_ROM.v                              ; --            ; --          ; Testbench      ;
; EDA_TEST_BENCH_FILE                  ; d_cache.v                              ; --            ; --          ; Testbench      ;
; EDA_TEST_BENCH_FILE                  ; decode_unit.v                          ; --            ; --          ; Testbench      ;
; EDA_TEST_BENCH_FILE                  ; hazard_unit.v                          ; --            ; --          ; Testbench      ;
; EDA_TEST_BENCH_FILE                  ; internal_mem.v                         ; --            ; --          ; Testbench      ;
; EDA_TEST_BENCH_FILE                  ; mask_unit.v                            ; --            ; --          ; Testbench      ;
; EDA_TEST_BENCH_FILE                  ; MC10_CHR16.hex                         ; --            ; --          ; Testbench      ;
; EDA_TEST_BENCH_FILE                  ; MC6847_gen3.sv                         ; --            ; --          ; Testbench      ;
; EDA_TEST_BENCH_FILE                  ; MSC.v                                  ; --            ; --          ; Testbench      ;
; EDA_TEST_BENCH_FILE                  ; p_cache.v                              ; --            ; --          ; Testbench      ;
; EDA_TEST_BENCH_FILE                  ; p_mem.qip                              ; --            ; --          ; Testbench      ;
; EDA_TEST_BENCH_FILE                  ; p_mem.v                                ; --            ; --          ; Testbench      ;
; EDA_TEST_BENCH_FILE                  ; PC.v                                   ; --            ; --          ; Testbench      ;
; EDA_TEST_BENCH_FILE                  ; PLL0.ppf                               ; --            ; --          ; Testbench      ;
; EDA_TEST_BENCH_FILE                  ; PLL0.qip                               ; --            ; --          ; Testbench      ;
; EDA_TEST_BENCH_FILE                  ; PLL0.v                                 ; --            ; --          ; Testbench      ;
; EDA_TEST_BENCH_FILE                  ; PRG_ROM.qip                            ; --            ; --          ; Testbench      ;
; EDA_TEST_BENCH_FILE                  ; PRG_ROM.v                              ; --            ; --          ; Testbench      ;
; EDA_TEST_BENCH_FILE                  ; right_rotate.v                         ; --            ; --          ; Testbench      ;
; EDA_TEST_BENCH_FILE                  ; RIPTIDE_II.v                           ; --            ; --          ; Testbench      ;
; EDA_TEST_BENCH_FILE                  ; riptide_validation.mif                 ; --            ; --          ; Testbench      ;
; EDA_TEST_BENCH_FILE                  ; sdr.sv                                 ; --            ; --          ; Testbench      ;
; EDA_TEST_BENCH_FILE                  ; sdr_parameters.sv                      ; --            ; --          ; Testbench      ;
; EDA_TEST_BENCH_FILE                  ; SDRAM_DP64_I.v                         ; --            ; --          ; Testbench      ;
; EDA_TEST_BENCH_FILE                  ; serial.sv                              ; --            ; --          ; Testbench      ;
; EDA_TEST_BENCH_FILE                  ; shift_merge.v                          ; --            ; --          ; Testbench      ;
; EDA_TEST_BENCH_FILE                  ; testbench.v                            ; --            ; --          ; Testbench      ;
; EDA_TEST_BENCH_FILE                  ; toplevel.v                             ; --            ; --          ; Testbench      ;
; EDA_TEST_BENCH_FILE                  ; UART.sv                                ; --            ; --          ; Testbench      ;
; EDA_TEST_BENCH_FILE                  ; VGA.v                                  ; --            ; --          ; Testbench      ;
; EDA_TEST_BENCH_FILE                  ; VGA_RAM.qip                            ; --            ; --          ; Testbench      ;
; EDA_TEST_BENCH_FILE                  ; VGA_RAM.v                              ; --            ; --          ; Testbench      ;
; EDA_TEST_BENCH_MODULE_NAME           ; Testbench                              ; --            ; --          ; Testbench      ;
; EDA_TEST_BENCH_NAME                  ; Testbench                              ; --            ; --          ; eda_simulation ;
; EDA_TEST_BENCH_RUN_SIM_FOR           ; 1000 us                                ; --            ; --          ; Testbench      ;
; EDA_TIME_SCALE                       ; 1 ps                                   ; --            ; --          ; eda_simulation ;
; MAX_CORE_JUNCTION_TEMP               ; 85                                     ; --            ; --          ; --             ;
; MIN_CORE_JUNCTION_TEMP               ; 0                                      ; --            ; --          ; --             ;
; MISC_FILE                            ; p_mem_bb.v                             ; --            ; --          ; --             ;
; MISC_FILE                            ; PRG_ROM_bb.v                           ; --            ; --          ; --             ;
; MISC_FILE                            ; VGA_RAM_bb.v                           ; --            ; --          ; --             ;
; MISC_FILE                            ; CHR_ROM_bb.v                           ; --            ; --          ; --             ;
; MISC_FILE                            ; PLL0_bb.v                              ; --            ; --          ; --             ;
; MISC_FILE                            ; PLL0.ppf                               ; --            ; --          ; --             ;
; NOMINAL_CORE_SUPPLY_VOLTAGE          ; 1.2V                                   ; --            ; --          ; --             ;
; OUTPUT_IO_TIMING_FAR_END_VMEAS       ; Half Signal Swing                      ; --            ; --          ; --             ;
; OUTPUT_IO_TIMING_FAR_END_VMEAS       ; Half Signal Swing                      ; --            ; --          ; --             ;
; OUTPUT_IO_TIMING_NEAR_END_VMEAS      ; Half Vccio                             ; --            ; --          ; --             ;
; OUTPUT_IO_TIMING_NEAR_END_VMEAS      ; Half Vccio                             ; --            ; --          ; --             ;
; PARTITION_COLOR                      ; -- (Not supported for targeted family) ; --            ; --          ; Top            ;
; PARTITION_FITTER_PRESERVATION_LEVEL  ; -- (Not supported for targeted family) ; --            ; --          ; Top            ;
; PARTITION_NETLIST_TYPE               ; -- (Not supported for targeted family) ; --            ; --          ; Top            ;
; POWER_BOARD_THERMAL_MODEL            ; None (CONSERVATIVE)                    ; --            ; --          ; --             ;
; POWER_PRESET_COOLING_SOLUTION        ; 23 MM HEAT SINK WITH 200 LFPM AIRFLOW  ; --            ; --          ; --             ;
; PROJECT_OUTPUT_DIRECTORY             ; output_files                           ; --            ; --          ; --             ;
+--------------------------------------+----------------------------------------+---------------+-------------+----------------+


+--------------------------------------------------------------------------------------------------------------------------+
; Flow Elapsed Time                                                                                                        ;
+----------------------+--------------+-------------------------+---------------------+------------------------------------+
; Module Name          ; Elapsed Time ; Average Processors Used ; Peak Virtual Memory ; Total CPU Time (on all processors) ;
+----------------------+--------------+-------------------------+---------------------+------------------------------------+
; Analysis & Synthesis ; 00:00:45     ; 1.0                     ; 700 MB              ; 00:01:29                           ;
; Fitter               ; 00:00:31     ; 1.3                     ; 1633 MB             ; 00:00:50                           ;
; Assembler            ; 00:00:03     ; 1.0                     ; 548 MB              ; 00:00:03                           ;
; Timing Analyzer      ; 00:00:08     ; 1.5                     ; 691 MB              ; 00:00:11                           ;
; EDA Netlist Writer   ; 00:00:10     ; 1.0                     ; 541 MB              ; 00:00:10                           ;
; Total                ; 00:01:37     ; --                      ; --                  ; 00:02:43                           ;
+----------------------+--------------+-------------------------+---------------------+------------------------------------+


+-------------------------------------------------------------------------------------+
; Flow OS Summary                                                                     ;
+----------------------+------------------+-------------+------------+----------------+
; Module Name          ; Machine Hostname ; OS Name     ; OS Version ; Processor type ;
+----------------------+------------------+-------------+------------+----------------+
; Analysis & Synthesis ; WIN-H8JH7HJFPGD  ; Windows 8.1 ; 6.3        ; x86_64         ;
; Fitter               ; WIN-H8JH7HJFPGD  ; Windows 8.1 ; 6.3        ; x86_64         ;
; Assembler            ; WIN-H8JH7HJFPGD  ; Windows 8.1 ; 6.3        ; x86_64         ;
; Timing Analyzer      ; WIN-H8JH7HJFPGD  ; Windows 8.1 ; 6.3        ; x86_64         ;
; EDA Netlist Writer   ; WIN-H8JH7HJFPGD  ; Windows 8.1 ; 6.3        ; x86_64         ;
+----------------------+------------------+-------------+------------+----------------+


------------
; Flow Log ;
------------
quartus_map --read_settings_files=on --write_settings_files=off RIPTIDE-II_SDRAM -c PVP
quartus_fit --read_settings_files=off --write_settings_files=off RIPTIDE-II_SDRAM -c PVP
quartus_asm --read_settings_files=off --write_settings_files=off RIPTIDE-II_SDRAM -c PVP
quartus_sta RIPTIDE-II_SDRAM -c PVP
quartus_eda --read_settings_files=off --write_settings_files=off RIPTIDE-II_SDRAM -c PVP



